Added Component: Designator=C1(C 0805_M)
Added Component: Designator=C2(C 0805_M)
Added Component: Designator=C3(C 0805_M)
Added Component: Designator=C4(C 0805_M)
Added Component: Designator=C5(C 0805_M)
Added Component: Designator=C6(C 0805_M)
Added Component: Designator=C7(C 0805_M)
Added Component: Designator=C8(C 0805_M)
Added Component: Designator=C9(C 0805_M)
Added Component: Designator=C10(CAP-TH_BD8.0-P3.50-D0.6-FD)
Added Component: Designator=C11(CAP-TH_BD8.0-P3.50-D0.6-FD)
Added Component: Designator=C12(C 0805_M)
Added Component: Designator=C13(C 0805_M)
Added Component: Designator=C14(C 0805_M)
Added Component: Designator=C15(C 0805_M)
Added Component: Designator=C16(C 0805_M)
Added Component: Designator=C17(C 0805_M)
Added Component: Designator=C18(C 0805_M)
Added Component: Designator=C19(C 0805_M)
Added Component: Designator=C20(CAP-TH_BD5.0-P2.00-D0.8-FD)
Added Component: Designator=C21(CAP-TH_BD5.0-P2.00-D0.8-FD)
Added Component: Designator=C22(C 0805_M)
Added Component: Designator=C23(C 0805_M)
Added Component: Designator=C24(C 0805_M)
Added Component: Designator=C25(C 0805_M)
Added Component: Designator=C26(C 0805_M)
Added Component: Designator=C27(C 0805_M)
Added Component: Designator=C28(C 0805_M)
Added Component: Designator=C29(C 0805_M)
Added Component: Designator=C30(C 0805_M)
Added Component: Designator=C31(C 0805_M)
Added Component: Designator=C32(C 0805_M)
Added Component: Designator=C33(C 0805_M)
Added Component: Designator=C34(0805R)
Added Component: Designator=D1(SMA_L4.2-W2.7-LS5.0-RD)
Add component (AddParameter): Name = "BOM_JLCPCB Part Class"; Value = "Extended Part"; VariantName = "[No Variations]"
Add component (AddParameter): Name = "BOM_Manufacturer"; Value = "YONGYUTAI(ÓÀÔ£Ì©)"; VariantName = "[No Variations]"
Add component (AddParameter): Name = "BOM_Manufacturer Part"; Value = "SS34"; VariantName = "[No Variations]"
Add component (AddParameter): Name = "BOM_Supplier"; Value = "LCSC"; VariantName = "[No Variations]"
Add component (AddParameter): Name = "BOM_Supplier Part"; Value = "C2909963"; VariantName = "[No Variations]"
Add component (AddParameter): Name = "Contributor"; Value = "LCSC"; VariantName = "[No Variations]"
Add component (AddParameter): Name = "spicePre"; Value = "D"; VariantName = "[No Variations]"
Add component (AddParameter): Name = "spiceSymbolName"; Value = "SS34_C2909963"; VariantName = "[No Variations]"
Added Component: Designator=D2(SMC_L6.9-W5.9-LS8.0-RD)
Add component (AddParameter): Name = "BOM_Manufacturer"; Value = "Boarden(±¦¹¬)"; VariantName = "[No Variations]"
Add component (AddParameter): Name = "BOM_Manufacturer Part"; Value = "SMCJ12A"; VariantName = "[No Variations]"
Add component (AddParameter): Name = "BOM_Supplier"; Value = "LCSC"; VariantName = "[No Variations]"
Add component (AddParameter): Name = "BOM_Supplier Part"; Value = "C967221"; VariantName = "[No Variations]"
Add component (AddParameter): Name = "Contributor"; Value = "LCSC"; VariantName = "[No Variations]"
Add component (AddParameter): Name = "spicePre"; Value = "D"; VariantName = "[No Variations]"
Add component (AddParameter): Name = "spiceSymbolName"; Value = "SMCJ12A_C967221"; VariantName = "[No Variations]"
Added Component: Designator=D3(SMA_L4.3-W2.6-LS5.0-RD)
Added Component: Designator=D4(LED 0805R)
Added Component: Designator=D5(LED 0805R)
Added Component: Designator=H1(Í­Öù¿×3)
Added Component: Designator=H2(Í­Öù¿×3)
Added Component: Designator=H3(Í­Öù¿×3)
Added Component: Designator=H4(Í­Öù¿×3)
Added Component: Designator=H5(Í­Öù¿×3)
Added Component: Designator=H6(Í­Öù¿×3)
Added Component: Designator=H7(Í­Öù¿×3)
Added Component: Designator=H8(Í­Öù¿×3)
Added Component: Designator=J1(KF128-5.08-2P)
Added Component: Designator=J2(KF128-5.08-2P)
Added Component: Designator=J3(KF128-5.08-2P)
Added Component: Designator=J4(KF128-5.08-2P)
Added Component: Designator=J5(CCM-5.08-12P)
Added Component: Designator=J6(CCM-5.08-12P)
Added Component: Designator=J7(HDR2.54-LI-5P)
Added Component: Designator=L1(L 0805)
Added Component: Designator=L2(L 0805)
Added Component: Designator=Q1(SOT-23_L2.9-W1.3-P1.90-LS2.4-BR)
Add component (AddParameter): Name = "BOM_JLCPCB Part Class"; Value = "Extended Part"; VariantName = "[No Variations]"
Add component (AddParameter): Name = "BOM_Manufacturer"; Value = "VISHAY"; VariantName = "[No Variations]"
Add component (AddParameter): Name = "BOM_Manufacturer Part"; Value = "SI2304BDS-T1-GE3"; VariantName = "[No Variations]"
Add component (AddParameter): Name = "BOM_Supplier"; Value = "LCSC"; VariantName = "[No Variations]"
Add component (AddParameter): Name = "BOM_Supplier Part"; Value = "C81446"; VariantName = "[No Variations]"
Add component (AddParameter): Name = "spicePre"; Value = "Q"; VariantName = "[No Variations]"
Add component (AddParameter): Name = "spiceSymbolName"; Value = "SI2304BDS-T1-GE3"; VariantName = "[No Variations]"
Added Component: Designator=Q2(SOT-223-4_L6.5-W3.5-P2.30-LS7.0-BR)
Add component (AddParameter): Name = "BOM_JLCPCB Part Class"; Value = "Extended Part"; VariantName = "[No Variations]"
Add component (AddParameter): Name = "BOM_Manufacturer"; Value = "VBsemi Elec"; VariantName = "[No Variations]"
Add component (AddParameter): Name = "BOM_Manufacturer Part"; Value = "NTF2955PT1G"; VariantName = "[No Variations]"
Add component (AddParameter): Name = "BOM_Supplier"; Value = "LCSC"; VariantName = "[No Variations]"
Add component (AddParameter): Name = "BOM_Supplier Part"; Value = "C710036"; VariantName = "[No Variations]"
Add component (AddParameter): Name = "Contributor"; Value = "LCSC"; VariantName = "[No Variations]"
Add component (AddParameter): Name = "spicePre"; Value = "Q"; VariantName = "[No Variations]"
Add component (AddParameter): Name = "spiceSymbolName"; Value = "NTF2955PT1G"; VariantName = "[No Variations]"
Added Component: Designator=Q3(SOT-23-3_L2.9-W1.3-P1.90-LS2.4-BR)
Add component (AddParameter): Name = "BOM_JLCPCB Part Class"; Value = "Extended Part"; VariantName = "[No Variations]"
Add component (AddParameter): Name = "BOM_Manufacturer"; Value = "FUXINSEMI"; VariantName = "[No Variations]"
Add component (AddParameter): Name = "BOM_Manufacturer Part"; Value = "S8050"; VariantName = "[No Variations]"
Add component (AddParameter): Name = "BOM_Supplier"; Value = "LCSC"; VariantName = "[No Variations]"
Add component (AddParameter): Name = "BOM_Supplier Part"; Value = "C908252"; VariantName = "[No Variations]"
Add component (AddParameter): Name = "Contributor"; Value = "LCSC"; VariantName = "[No Variations]"
Add component (AddParameter): Name = "spicePre"; Value = "Q"; VariantName = "[No Variations]"
Add component (AddParameter): Name = "spiceSymbolName"; Value = "S8050_C908252"; VariantName = "[No Variations]"
Added Component: Designator=R1(0805R)
Added Component: Designator=R2(0805R)
Added Component: Designator=R3(0805R)
Added Component: Designator=R4(0805R)
Added Component: Designator=R5(0805R)
Added Component: Designator=R6(0805R)
Added Component: Designator=R7(0805R)
Added Component: Designator=R8(0805R)
Added Component: Designator=R9(0805R)
Added Component: Designator=R10(0805R)
Added Component: Designator=R11(0805R)
Added Component: Designator=R12(0805R)
Added Component: Designator=R13(0805R)
Added Component: Designator=R14(0805R)
Added Component: Designator=R15(0805R)
Added Component: Designator=R16(0805R)
Added Component: Designator=R17(0805R)
Added Component: Designator=R18(0805R)
Added Component: Designator=R19(0805R)
Added Component: Designator=R20(0805R)
Added Component: Designator=R21(0805R)
Added Component: Designator=R22(0805R)
Added Component: Designator=R23(0805R)
Added Component: Designator=R24(0805R)
Added Component: Designator=R25(0805R)
Added Component: Designator=R26(0805R)
Added Component: Designator=R27(0805R)
Added Component: Designator=R28(0805R)
Added Component: Designator=R29(0805R)
Added Component: Designator=R30(0805R)
Added Component: Designator=R31(0805R)
Added Component: Designator=R32(0805R)
Added Component: Designator=R33(0805R)
Added Component: Designator=R34(0805R)
Added Component: Designator=S1(TSW SMD-3*6*2.5)
Add component (AddParameter): Name = "LatestRevisionDate"; Value = "17-Jul-2002"; VariantName = "[No Variations]"
Add component (AddParameter): Name = "LatestRevisionNote"; Value = "Re-released for DXP Platform."; VariantName = "[No Variations]"
Add component (AddParameter): Name = "PackageReference"; Value = "SPST-2"; VariantName = "[No Variations]"
Add component (AddParameter): Name = "Published"; Value = "24-Mar-1999"; VariantName = "[No Variations]"
Add component (AddParameter): Name = "Publisher"; Value = "Altium Limited"; VariantName = "[No Variations]"
Added Component: Designator=S2(TSW DIP-6*6*5)
Add component (AddParameter): Name = "LatestRevisionDate"; Value = "17-Jul-2002"; VariantName = "[No Variations]"
Add component (AddParameter): Name = "LatestRevisionNote"; Value = "Re-released for DXP Platform."; VariantName = "[No Variations]"
Add component (AddParameter): Name = "PackageReference"; Value = "SPST-2"; VariantName = "[No Variations]"
Add component (AddParameter): Name = "Published"; Value = "24-Mar-1999"; VariantName = "[No Variations]"
Add component (AddParameter): Name = "Publisher"; Value = "Altium Limited"; VariantName = "[No Variations]"
Added Component: Designator=S3(TSW DIP-6*6*5)
Add component (AddParameter): Name = "LatestRevisionDate"; Value = "17-Jul-2002"; VariantName = "[No Variations]"
Add component (AddParameter): Name = "LatestRevisionNote"; Value = "Re-released for DXP Platform."; VariantName = "[No Variations]"
Add component (AddParameter): Name = "PackageReference"; Value = "SPST-2"; VariantName = "[No Variations]"
Add component (AddParameter): Name = "Published"; Value = "24-Mar-1999"; VariantName = "[No Variations]"
Add component (AddParameter): Name = "Publisher"; Value = "Altium Limited"; VariantName = "[No Variations]"
Added Component: Designator=S4(TSW DIP-6*6*5)
Add component (AddParameter): Name = "LatestRevisionDate"; Value = "17-Jul-2002"; VariantName = "[No Variations]"
Add component (AddParameter): Name = "LatestRevisionNote"; Value = "Re-released for DXP Platform."; VariantName = "[No Variations]"
Add component (AddParameter): Name = "PackageReference"; Value = "SPST-2"; VariantName = "[No Variations]"
Add component (AddParameter): Name = "Published"; Value = "24-Mar-1999"; VariantName = "[No Variations]"
Add component (AddParameter): Name = "Publisher"; Value = "Altium Limited"; VariantName = "[No Variations]"
Added Component: Designator=S5(TSW DIP-6*6*5)
Add component (AddParameter): Name = "LatestRevisionDate"; Value = "17-Jul-2002"; VariantName = "[No Variations]"
Add component (AddParameter): Name = "LatestRevisionNote"; Value = "Re-released for DXP Platform."; VariantName = "[No Variations]"
Add component (AddParameter): Name = "PackageReference"; Value = "SPST-2"; VariantName = "[No Variations]"
Add component (AddParameter): Name = "Published"; Value = "24-Mar-1999"; VariantName = "[No Variations]"
Add component (AddParameter): Name = "Publisher"; Value = "Altium Limited"; VariantName = "[No Variations]"
Added Component: Designator=U1(SOT-23-5_L3.0-W1.7-P0.95-LS2.8-BR)
Add component (AddParameter): Name = "BOM_JLCPCB Part Class"; Value = "Extended Part"; VariantName = "[No Variations]"
Add component (AddParameter): Name = "BOM_Manufacturer"; Value = "Texas Instruments"; VariantName = "[No Variations]"
Add component (AddParameter): Name = "BOM_Manufacturer Part"; Value = "LP2985IM5X-5.0/NOPB"; VariantName = "[No Variations]"
Add component (AddParameter): Name = "BOM_Supplier"; Value = "LCSC"; VariantName = "[No Variations]"
Add component (AddParameter): Name = "BOM_Supplier Part"; Value = "C73908"; VariantName = "[No Variations]"
Add component (AddParameter): Name = "Contributor"; Value = "LCSC"; VariantName = "[No Variations]"
Add component (AddParameter): Name = "spicePre"; Value = "U"; VariantName = "[No Variations]"
Add component (AddParameter): Name = "spiceSymbolName"; Value = "LP2985IM5X-5.0/NOPB"; VariantName = "[No Variations]"
Added Component: Designator=U2(VQFN-20_L5.0-W5.0-P0.65-TL-EP)
Add component (AddParameter): Name = "BOM_JLCPCB Part Class"; Value = "Extended Part"; VariantName = "[No Variations]"
Add component (AddParameter): Name = "BOM_Manufacturer"; Value = "Texas Instruments"; VariantName = "[No Variations]"
Add component (AddParameter): Name = "BOM_Manufacturer Part"; Value = "TPS7A4701RGWR"; VariantName = "[No Variations]"
Add component (AddParameter): Name = "BOM_Supplier"; Value = "LCSC"; VariantName = "[No Variations]"
Add component (AddParameter): Name = "BOM_Supplier Part"; Value = "C90084"; VariantName = "[No Variations]"
Add component (AddParameter): Name = "Contributor"; Value = "LCSC"; VariantName = "[No Variations]"
Add component (AddParameter): Name = "spicePre"; Value = "U"; VariantName = "[No Variations]"
Add component (AddParameter): Name = "spiceSymbolName"; Value = "TPS7A4701RGWR"; VariantName = "[No Variations]"
Added Component: Designator=U3(SOT-23-5_L3.0-W1.7-P0.95-LS2.8-BR)
Add component (AddParameter): Name = "BOM_JLCPCB Part Class"; Value = "Extended Part"; VariantName = "[No Variations]"
Add component (AddParameter): Name = "BOM_Manufacturer"; Value = "TI"; VariantName = "[No Variations]"
Add component (AddParameter): Name = "BOM_Manufacturer Part"; Value = "OPA333AIDBVR"; VariantName = "[No Variations]"
Add component (AddParameter): Name = "BOM_Supplier"; Value = "LCSC"; VariantName = "[No Variations]"
Add component (AddParameter): Name = "BOM_Supplier Part"; Value = "C30878"; VariantName = "[No Variations]"
Add component (AddParameter): Name = "Contributor"; Value = "LCSC"; VariantName = "[No Variations]"
Add component (AddParameter): Name = "spicePre"; Value = "U"; VariantName = "[No Variations]"
Add component (AddParameter): Name = "spiceSymbolName"; Value = "OPA333AIDBVR"; VariantName = "[No Variations]"
Added Component: Designator=U4(SOT-23_L2.9-W1.3-P0.95-LS2.4-L-CW)
Add component (AddParameter): Name = "BOM_JLCPCB Part Class"; Value = "Extended Part"; VariantName = "[No Variations]"
Add component (AddParameter): Name = "BOM_Manufacturer"; Value = "Diodes Incorporated"; VariantName = "[No Variations]"
Add component (AddParameter): Name = "BOM_Manufacturer Part"; Value = "ZXCT1009FTA"; VariantName = "[No Variations]"
Add component (AddParameter): Name = "BOM_Supplier"; Value = "LCSC"; VariantName = "[No Variations]"
Add component (AddParameter): Name = "BOM_Supplier Part"; Value = "C83670"; VariantName = "[No Variations]"
Add component (AddParameter): Name = "Contributor"; Value = "LCSC"; VariantName = "[No Variations]"
Add component (AddParameter): Name = "spicePre"; Value = "U"; VariantName = "[No Variations]"
Add component (AddParameter): Name = "spiceSymbolName"; Value = "ZXCT1009FTA"; VariantName = "[No Variations]"
Added Component: Designator=U5(SOIC-8_L4.9-W3.9-P1.27-LS6.0-BL)
Add component (AddParameter): Name = "BOM_JLCPCB Part Class"; Value = "Extended Part"; VariantName = "[No Variations]"
Add component (AddParameter): Name = "BOM_Manufacturer"; Value = "TI"; VariantName = "[No Variations]"
Add component (AddParameter): Name = "BOM_Manufacturer Part"; Value = "OPA2197IDR"; VariantName = "[No Variations]"
Add component (AddParameter): Name = "BOM_Supplier"; Value = "LCSC"; VariantName = "[No Variations]"
Add component (AddParameter): Name = "BOM_Supplier Part"; Value = "C139363"; VariantName = "[No Variations]"
Add component (AddParameter): Name = "Contributor"; Value = "LCSC"; VariantName = "[No Variations]"
Add component (AddParameter): Name = "spicePre"; Value = "U"; VariantName = "[No Variations]"
Add component (AddParameter): Name = "spiceSymbolName"; Value = "OPA2197IDR"; VariantName = "[No Variations]"
Added Component: Designator=U6(TO-263-5_L10.2-W8.6-P1.70-LS14.4-TL)
Add component (AddParameter): Name = "BOM_JLCPCB Part Class"; Value = "Extended Part"; VariantName = "[No Variations]"
Add component (AddParameter): Name = "BOM_Manufacturer"; Value = "HTC"; VariantName = "[No Variations]"
Add component (AddParameter): Name = "BOM_Manufacturer Part"; Value = "LM2596R-5.0"; VariantName = "[No Variations]"
Add component (AddParameter): Name = "BOM_Supplier"; Value = "LCSC"; VariantName = "[No Variations]"
Add component (AddParameter): Name = "BOM_Supplier Part"; Value = "C77782"; VariantName = "[No Variations]"
Add component (AddParameter): Name = "spicePre"; Value = "U"; VariantName = "[No Variations]"
Add component (AddParameter): Name = "spiceSymbolName"; Value = "LM2596R-5.0"; VariantName = "[No Variations]"
Added Component: Designator=U7(VQFN-HR-15_L3.0-W2.5-P0.50-BL_TPS63070RNMR)
Add component (AddParameter): Name = "BOM_JLCPCB Part Class"; Value = "Extended Part"; VariantName = "[No Variations]"
Add component (AddParameter): Name = "BOM_Manufacturer"; Value = "TI"; VariantName = "[No Variations]"
Add component (AddParameter): Name = "BOM_Manufacturer Part"; Value = "TPS63070RNMR"; VariantName = "[No Variations]"
Add component (AddParameter): Name = "BOM_Supplier"; Value = "LCSC"; VariantName = "[No Variations]"
Add component (AddParameter): Name = "BOM_Supplier Part"; Value = "C109322"; VariantName = "[No Variations]"
Add component (AddParameter): Name = "spicePre"; Value = "U"; VariantName = "[No Variations]"
Add component (AddParameter): Name = "spiceSymbolName"; Value = "TPS63070RNMR"; VariantName = "[No Variations]"
Added Component: Designator=U8(SOT-23-3_L2.9-W1.4-P1.90-LS2.6-BR)
Add component (AddParameter): Name = "BOM_JLCPCB Part Class"; Value = "Extended Part"; VariantName = "[No Variations]"
Add component (AddParameter): Name = "BOM_Manufacturer"; Value = "JSMSEMI"; VariantName = "[No Variations]"
Add component (AddParameter): Name = "BOM_Manufacturer Part"; Value = "TL431"; VariantName = "[No Variations]"
Add component (AddParameter): Name = "BOM_Supplier"; Value = "LCSC"; VariantName = "[No Variations]"
Add component (AddParameter): Name = "BOM_Supplier Part"; Value = "C963380"; VariantName = "[No Variations]"
Add component (AddParameter): Name = "Contributor"; Value = "LCSC"; VariantName = "[No Variations]"
Add component (AddParameter): Name = "spicePre"; Value = "U"; VariantName = "[No Variations]"
Add component (AddParameter): Name = "spiceSymbolName"; Value = "TL431_C963380"; VariantName = "[No Variations]"
Added Component: Designator=U9(SOT-23-5_L3.0-W1.7-P0.95-LS2.8-BR)
Add component (AddParameter): Name = "BOM_JLCPCB Part Class"; Value = "Extended Part"; VariantName = "[No Variations]"
Add component (AddParameter): Name = "BOM_Manufacturer"; Value = "TI"; VariantName = "[No Variations]"
Add component (AddParameter): Name = "BOM_Manufacturer Part"; Value = "OPA333AIDBVR"; VariantName = "[No Variations]"
Add component (AddParameter): Name = "BOM_Supplier"; Value = "LCSC"; VariantName = "[No Variations]"
Add component (AddParameter): Name = "BOM_Supplier Part"; Value = "C30878"; VariantName = "[No Variations]"
Add component (AddParameter): Name = "Contributor"; Value = "LCSC"; VariantName = "[No Variations]"
Add component (AddParameter): Name = "spicePre"; Value = "U"; VariantName = "[No Variations]"
Add component (AddParameter): Name = "spiceSymbolName"; Value = "OPA333AIDBVR"; VariantName = "[No Variations]"
Added Component: Designator=U10()
Added Component: Designator=U11(SOT-223-4_L6.5-W3.5-P2.30-LS7.0-BR)
Add component (AddParameter): Name = "BOM_JLCPCB Part Class"; Value = "Extended Part"; VariantName = "[No Variations]"
Add component (AddParameter): Name = "BOM_Manufacturer"; Value = "Youtai Semiconductor Co., Ltd."; VariantName = "[No Variations]"
Add component (AddParameter): Name = "BOM_Manufacturer Part"; Value = "AMS1117-3.3"; VariantName = "[No Variations]"
Add component (AddParameter): Name = "BOM_Supplier"; Value = "LCSC"; VariantName = "[No Variations]"
Add component (AddParameter): Name = "BOM_Supplier Part"; Value = "C347256"; VariantName = "[No Variations]"
Add component (AddParameter): Name = "Contributor"; Value = "LCSC"; VariantName = "[No Variations]"
Add component (AddParameter): Name = "spicePre"; Value = "U"; VariantName = "[No Variations]"
Add component (AddParameter): Name = "spiceSymbolName"; Value = "AMS1117-3.3_C347256"; VariantName = "[No Variations]"
Added Component: Designator=U12(VSSOP-10_L3.0-W3.0-P0.50-LS4.9-BL)
Add component (AddParameter): Name = "BOM_JLCPCB Part Class"; Value = "Extended Part"; VariantName = "[No Variations]"
Add component (AddParameter): Name = "BOM_Manufacturer"; Value = "Texas Instruments"; VariantName = "[No Variations]"
Add component (AddParameter): Name = "BOM_Manufacturer Part"; Value = "ADS1115IDGST"; VariantName = "[No Variations]"
Add component (AddParameter): Name = "BOM_Supplier"; Value = "LCSC"; VariantName = "[No Variations]"
Add component (AddParameter): Name = "BOM_Supplier Part"; Value = "C468683"; VariantName = "[No Variations]"
Add component (AddParameter): Name = "Contributor"; Value = "LCSC"; VariantName = "[No Variations]"
Add component (AddParameter): Name = "spicePre"; Value = "U"; VariantName = "[No Variations]"
Add component (AddParameter): Name = "spiceSymbolName"; Value = "ADS1115IDGST"; VariantName = "[No Variations]"
Added Component: Designator=U13(VSSOP-8_L3.0-W3.0-P0.65-LS5.0-BL)
Add component (AddParameter): Name = "BOM_JLCPCB Part Class"; Value = "Extended Part"; VariantName = "[No Variations]"
Add component (AddParameter): Name = "BOM_Manufacturer"; Value = "Texas Instruments"; VariantName = "[No Variations]"
Add component (AddParameter): Name = "BOM_Manufacturer Part"; Value = "DAC8552IDGKR"; VariantName = "[No Variations]"
Add component (AddParameter): Name = "BOM_Supplier"; Value = "LCSC"; VariantName = "[No Variations]"
Add component (AddParameter): Name = "BOM_Supplier Part"; Value = "C136020"; VariantName = "[No Variations]"
Add component (AddParameter): Name = "Contributor"; Value = "LCSC"; VariantName = "[No Variations]"
Add component (AddParameter): Name = "spicePre"; Value = "U"; VariantName = "[No Variations]"
Add component (AddParameter): Name = "spiceSymbolName"; Value = "DAC8552IDGKR"; VariantName = "[No Variations]"
Added Component: Designator=U14(TFT0.96-13P)
Added Component: Designator=X1(OSC HC-49S)
Added Component: Designator=X2(OSC-3x8-LI)
Added Pin To Net: NetName=+5V_Anagle Pin=C2-1
Added Pin To Net: NetName=+5V_Anagle Pin=C20-1
Added Pin To Net: NetName=+5V_Anagle Pin=C22-1
Added Pin To Net: NetName=+5V_Anagle Pin=R21-1
Added Pin To Net: NetName=+5V_Anagle Pin=U1-5
Added Pin To Net: NetName=+5V_Anagle Pin=U3-5
Added Pin To Net: NetName=+5V_Anagle Pin=U9-5
Added Pin To Net: NetName=+5V_Anagle Pin=U11-3
Added Net: Name=+5V_Anagle
Added Pin To Net: NetName=+5V  TEC_Con Pin=C11-1
Added Pin To Net: NetName=+5V  TEC_Con Pin=C12-1
Added Pin To Net: NetName=+5V  TEC_Con Pin=C13-1
Added Pin To Net: NetName=+5V  TEC_Con Pin=C14-1
Added Pin To Net: NetName=+5V  TEC_Con Pin=J4-1
Added Pin To Net: NetName=+5V  TEC_Con Pin=L1-1
Added Pin To Net: NetName=+5V  TEC_Con Pin=R18-2
Added Pin To Net: NetName=+5V  TEC_Con Pin=U6-4
Added Pin To Net: NetName=+5V  TEC_Con Pin=U7-12
Added Pin To Net: NetName=+5V  TEC_Con Pin=U7-13
Added Net: Name=+5V  TEC_Con
Added Pin To Net: NetName=+8V  V-I_Trans Pin=C4-2
Added Pin To Net: NetName=+8V  V-I_Trans Pin=R4-2
Added Pin To Net: NetName=+8V  V-I_Trans Pin=R10-1
Added Pin To Net: NetName=+8V  V-I_Trans Pin=R11-1
Added Pin To Net: NetName=+8V  V-I_Trans Pin=U2-1
Added Pin To Net: NetName=+8V  V-I_Trans Pin=U2-20
Added Pin To Net: NetName=+8V  V-I_Trans Pin=U4-2
Added Pin To Net: NetName=+8V  V-I_Trans Pin=U5-8
Added Net: Name=+8V  V-I_Trans
Added Pin To Net: NetName=+12V Vin Pin=C1-1
Added Pin To Net: NetName=+12V Vin Pin=C5-1
Added Pin To Net: NetName=+12V Vin Pin=C10-1
Added Pin To Net: NetName=+12V Vin Pin=D1-1
Added Pin To Net: NetName=+12V Vin Pin=D2-1
Added Pin To Net: NetName=+12V Vin Pin=U1-1
Added Pin To Net: NetName=+12V Vin Pin=U2-13
Added Pin To Net: NetName=+12V Vin Pin=U2-15
Added Pin To Net: NetName=+12V Vin Pin=U2-16
Added Pin To Net: NetName=+12V Vin Pin=U6-1
Added Net: Name=+12V Vin
Added Pin To Net: NetName=AD_SCL Pin=R28-1
Added Pin To Net: NetName=AD_SCL Pin=U12-10
Added Net: Name=AD_SCL
Added Pin To Net: NetName=AD_SDA Pin=R29-1
Added Pin To Net: NetName=AD_SDA Pin=U12-9
Added Net: Name=AD_SDA
Added Pin To Net: NetName=DA_C\S\ Pin=U13-5
Added Net: Name=DA_C\S\
Added Pin To Net: NetName=DA_MOSI Pin=U13-7
Added Net: Name=DA_MOSI
Added Pin To Net: NetName=DA_SCK Pin=U13-6
Added Net: Name=DA_SCK
Added Pin To Net: NetName=DGND Pin=C21-2
Added Pin To Net: NetName=DGND Pin=C23-2
Added Pin To Net: NetName=DGND Pin=C24-1
Added Pin To Net: NetName=DGND Pin=C25-1
Added Pin To Net: NetName=DGND Pin=C26-2
Added Pin To Net: NetName=DGND Pin=C27-1
Added Pin To Net: NetName=DGND Pin=C28-1
Added Pin To Net: NetName=DGND Pin=C29-2
Added Pin To Net: NetName=DGND Pin=C30-2
Added Pin To Net: NetName=DGND Pin=C31-2
Added Pin To Net: NetName=DGND Pin=C32-2
Added Pin To Net: NetName=DGND Pin=C33-2
Added Pin To Net: NetName=DGND Pin=C34-1
Added Pin To Net: NetName=DGND Pin=J5-12
Added Pin To Net: NetName=DGND Pin=J6-12
Added Pin To Net: NetName=DGND Pin=J7-3
Added Pin To Net: NetName=DGND Pin=Q3-2
Added Pin To Net: NetName=DGND Pin=R2-1
Added Pin To Net: NetName=DGND Pin=S1-1
Added Pin To Net: NetName=DGND Pin=S2-1
Added Pin To Net: NetName=DGND Pin=S3-1
Added Pin To Net: NetName=DGND Pin=S4-1
Added Pin To Net: NetName=DGND Pin=S5-1
Added Pin To Net: NetName=DGND Pin=U12-1
Added Pin To Net: NetName=DGND Pin=U12-3
Added Pin To Net: NetName=DGND Pin=U14-8
Added Pin To Net: NetName=DGND Pin=U14-13
Added Net: Name=DGND
Added Pin To Net: NetName=GND Pin=C1-2
Added Pin To Net: NetName=GND Pin=C2-2
Added Pin To Net: NetName=GND Pin=C3-2
Added Pin To Net: NetName=GND Pin=C4-1
Added Pin To Net: NetName=GND Pin=C5-2
Added Pin To Net: NetName=GND Pin=C6-2
Added Pin To Net: NetName=GND Pin=C8-1
Added Pin To Net: NetName=GND Pin=C10-2
Added Pin To Net: NetName=GND Pin=C11-2
Added Pin To Net: NetName=GND Pin=C12-2
Added Pin To Net: NetName=GND Pin=C13-2
Added Pin To Net: NetName=GND Pin=C14-2
Added Pin To Net: NetName=GND Pin=C15-2
Added Pin To Net: NetName=GND Pin=C16-2
Added Pin To Net: NetName=GND Pin=C17-2
Added Pin To Net: NetName=GND Pin=C18-2
Added Pin To Net: NetName=GND Pin=C19-2
Added Pin To Net: NetName=GND Pin=C20-2
Added Pin To Net: NetName=GND Pin=C22-2
Added Pin To Net: NetName=GND Pin=D2-2
Added Pin To Net: NetName=GND Pin=D3-1
Added Pin To Net: NetName=GND Pin=J1-2
Added Pin To Net: NetName=GND Pin=J2-2
Added Pin To Net: NetName=GND Pin=J3-2
Added Pin To Net: NetName=GND Pin=R2-2
Added Pin To Net: NetName=GND Pin=R3-1
Added Pin To Net: NetName=GND Pin=R6-1
Added Pin To Net: NetName=GND Pin=R7-1
Added Pin To Net: NetName=GND Pin=R9-2
Added Pin To Net: NetName=GND Pin=R15-2
Added Pin To Net: NetName=GND Pin=R16-1
Added Pin To Net: NetName=GND Pin=R24-1
Added Pin To Net: NetName=GND Pin=R26-1
Added Pin To Net: NetName=GND Pin=U1-2
Added Pin To Net: NetName=GND Pin=U2-7
Added Pin To Net: NetName=GND Pin=U3-2
Added Pin To Net: NetName=GND Pin=U5-4
Added Pin To Net: NetName=GND Pin=U6-3
Added Pin To Net: NetName=GND Pin=U6-5
Added Pin To Net: NetName=GND Pin=U7-4
Added Pin To Net: NetName=GND Pin=U7-10
Added Pin To Net: NetName=GND Pin=U7-15
Added Pin To Net: NetName=GND Pin=U8-3
Added Pin To Net: NetName=GND Pin=U9-2
Added Pin To Net: NetName=GND Pin=U11-1
Added Pin To Net: NetName=GND Pin=U13-8
Added Net: Name=GND
Added Pin To Net: NetName=LEDK Pin=R32-2
Added Pin To Net: NetName=LEDK Pin=U14-11
Added Net: Name=LEDK
Added Pin To Net: NetName=NetC3_1 Pin=C3-1
Added Pin To Net: NetName=NetC3_1 Pin=U1-4
Added Net: Name=NetC3_1
Added Pin To Net: NetName=NetC6_1 Pin=C6-1
Added Pin To Net: NetName=NetC6_1 Pin=U2-14
Added Net: Name=NetC6_1
Added Pin To Net: NetName=NetC7_1 Pin=C7-1
Added Pin To Net: NetName=NetC7_1 Pin=R14-2
Added Pin To Net: NetName=NetC7_1 Pin=U5-7
Added Net: Name=NetC7_1
Added Pin To Net: NetName=NetC7_2 Pin=C7-2
Added Pin To Net: NetName=NetC7_2 Pin=R12-1
Added Pin To Net: NetName=NetC7_2 Pin=U5-6
Added Net: Name=NetC7_2
Added Pin To Net: NetName=NetC8_2 Pin=C8-2
Added Pin To Net: NetName=NetC8_2 Pin=U5-3
Added Pin To Net: NetName=NetC8_2 Pin=U13-3
Added Net: Name=NetC8_2
Added Pin To Net: NetName=NetC9_1 Pin=C9-1
Added Pin To Net: NetName=NetC9_1 Pin=R13-2
Added Pin To Net: NetName=NetC9_1 Pin=U5-1
Added Net: Name=NetC9_1
Added Pin To Net: NetName=NetC9_2 Pin=C9-2
Added Pin To Net: NetName=NetC9_2 Pin=R16-2
Added Pin To Net: NetName=NetC9_2 Pin=U5-2
Added Net: Name=NetC9_2
Added Pin To Net: NetName=NetC15_1 Pin=C15-1
Added Pin To Net: NetName=NetC15_1 Pin=C16-1
Added Pin To Net: NetName=NetC15_1 Pin=C17-1
Added Pin To Net: NetName=NetC15_1 Pin=C18-1
Added Pin To Net: NetName=NetC15_1 Pin=J4-2
Added Pin To Net: NetName=NetC15_1 Pin=R19-2
Added Pin To Net: NetName=NetC15_1 Pin=U7-7
Added Pin To Net: NetName=NetC15_1 Pin=U7-8
Added Net: Name=NetC15_1
Added Pin To Net: NetName=NetC19_1 Pin=C19-1
Added Pin To Net: NetName=NetC19_1 Pin=U7-3
Added Net: Name=NetC19_1
Added Pin To Net: NetName=NetD1_2 Pin=D1-2
Added Pin To Net: NetName=NetD1_2 Pin=R1-2
Added Net: Name=NetD1_2
Added Pin To Net: NetName=NetD3_2 Pin=D3-2
Added Pin To Net: NetName=NetD3_2 Pin=L1-2
Added Pin To Net: NetName=NetD3_2 Pin=U6-2
Added Net: Name=NetD3_2
Added Pin To Net: NetName=NetD4_A Pin=R27-2
Added Net: Name=NetD4_A
Added Pin To Net: NetName=NetD5_A Pin=R33-2
Added Net: Name=NetD5_A
Added Pin To Net: NetName=NetJ1_1 Pin=J1-1
Added Pin To Net: NetName=NetJ1_1 Pin=R1-1
Added Net: Name=NetJ1_1
Added Pin To Net: NetName=NetJ2_1 Pin=J2-1
Added Pin To Net: NetName=NetJ2_1 Pin=Q2-2
Added Net: Name=NetJ2_1
Added Pin To Net: NetName=NetJ3_1 Pin=J3-1
Added Pin To Net: NetName=NetJ3_1 Pin=R17-2
Added Pin To Net: NetName=NetJ3_1 Pin=U12-4
Added Net: Name=NetJ3_1
Added Pin To Net: NetName=NetL2_1 Pin=L2-1
Added Pin To Net: NetName=NetL2_1 Pin=U7-9
Added Net: Name=NetL2_1
Added Pin To Net: NetName=NetL2_2 Pin=L2-2
Added Pin To Net: NetName=NetL2_2 Pin=U7-11
Added Net: Name=NetL2_2
Added Pin To Net: NetName=NetQ1_1 Pin=Q1-1
Added Pin To Net: NetName=NetQ1_1 Pin=R13-1
Added Net: Name=NetQ1_1
Added Pin To Net: NetName=NetQ1_2 Pin=Q1-2
Added Pin To Net: NetName=NetQ1_2 Pin=R15-1
Added Net: Name=NetQ1_2
Added Pin To Net: NetName=NetQ1_3 Pin=Q1-3
Added Pin To Net: NetName=NetQ1_3 Pin=R10-2
Added Pin To Net: NetName=NetQ1_3 Pin=U5-5
Added Net: Name=NetQ1_3
Added Pin To Net: NetName=NetQ2_1 Pin=Q2-1
Added Pin To Net: NetName=NetQ2_1 Pin=R14-1
Added Net: Name=NetQ2_1
Added Pin To Net: NetName=NetQ2_3 Pin=Q2-3
Added Pin To Net: NetName=NetQ2_3 Pin=R11-2
Added Pin To Net: NetName=NetQ2_3 Pin=R12-2
Added Pin To Net: NetName=NetQ2_3 Pin=U4-3
Added Net: Name=NetQ2_3
Added Pin To Net: NetName=NetQ3_1 Pin=Q3-1
Added Pin To Net: NetName=NetQ3_1 Pin=R31-2
Added Pin To Net: NetName=NetQ3_1 Pin=R34-2
Added Net: Name=NetQ3_1
Added Pin To Net: NetName=NetQ3_3 Pin=Q3-3
Added Pin To Net: NetName=NetQ3_3 Pin=R32-1
Added Net: Name=NetQ3_3
Added Pin To Net: NetName=NetR3_2 Pin=R3-2
Added Pin To Net: NetName=NetR3_2 Pin=R5-2
Added Pin To Net: NetName=NetR3_2 Pin=U3-1
Added Pin To Net: NetName=NetR3_2 Pin=U12-6
Added Net: Name=NetR3_2
Added Pin To Net: NetName=NetR4_1 Pin=R4-1
Added Pin To Net: NetName=NetR4_1 Pin=R6-2
Added Pin To Net: NetName=NetR4_1 Pin=U2-3
Added Net: Name=NetR4_1
Added Pin To Net: NetName=NetR5_1 Pin=R5-1
Added Pin To Net: NetName=NetR5_1 Pin=R7-2
Added Pin To Net: NetName=NetR5_1 Pin=U3-4
Added Net: Name=NetR5_1
Added Pin To Net: NetName=NetR8_1 Pin=R8-1
Added Pin To Net: NetName=NetR8_1 Pin=R9-1
Added Pin To Net: NetName=NetR8_1 Pin=U4-1
Added Net: Name=NetR8_1
Added Pin To Net: NetName=NetR8_2 Pin=R8-2
Added Pin To Net: NetName=NetR8_2 Pin=U3-3
Added Net: Name=NetR8_2
Added Pin To Net: NetName=NetR18_1 Pin=R18-1
Added Pin To Net: NetName=NetR18_1 Pin=U7-1
Added Pin To Net: NetName=NetR18_1 Pin=U7-14
Added Net: Name=NetR18_1
Added Pin To Net: NetName=NetR19_1 Pin=R19-1
Added Pin To Net: NetName=NetR19_1 Pin=R22-2
Added Pin To Net: NetName=NetR19_1 Pin=R24-2
Added Pin To Net: NetName=NetR19_1 Pin=U7-5
Added Net: Name=NetR19_1
Added Pin To Net: NetName=NetR20_1 Pin=R20-1
Added Pin To Net: NetName=NetR20_1 Pin=R25-2
Added Net: Name=NetR20_1
Added Pin To Net: NetName=NetR20_2 Pin=R20-2
Added Pin To Net: NetName=NetR20_2 Pin=R21-2
Added Pin To Net: NetName=NetR20_2 Pin=U8-2
Added Pin To Net: NetName=NetR20_2 Pin=U9-3
Added Net: Name=NetR20_2
Added Pin To Net: NetName=NetR22_1 Pin=R22-1
Added Pin To Net: NetName=NetR22_1 Pin=R23-2
Added Net: Name=NetR22_1
Added Pin To Net: NetName=NetR23_1 Pin=R23-1
Added Pin To Net: NetName=NetR23_1 Pin=U13-4
Added Net: Name=NetR23_1
Added Pin To Net: NetName=NetR25_1 Pin=R25-1
Added Pin To Net: NetName=NetR25_1 Pin=R26-2
Added Pin To Net: NetName=NetR25_1 Pin=U8-1
Added Net: Name=NetR25_1
Added Pin To Net: NetName=NRST Pin=C33-1
Added Pin To Net: NetName=NRST Pin=J7-5
Added Pin To Net: NetName=NRST Pin=R30-1
Added Pin To Net: NetName=NRST Pin=S1-2
Added Net: Name=NRST
Added Pin To Net: NetName=OSC32-IN Pin=C25-2
Added Pin To Net: NetName=OSC32-IN Pin=X2-2
Added Net: Name=OSC32-IN
Added Pin To Net: NetName=OSC32-OUT Pin=C28-2
Added Pin To Net: NetName=OSC32-OUT Pin=X2-1
Added Net: Name=OSC32-OUT
Added Pin To Net: NetName=OSC-IN Pin=C24-2
Added Pin To Net: NetName=OSC-IN Pin=X1-2
Added Net: Name=OSC-IN
Added Pin To Net: NetName=OSC-OUT Pin=C27-2
Added Pin To Net: NetName=OSC-OUT Pin=X1-1
Added Net: Name=OSC-OUT
Added Pin To Net: NetName=PB8 Pin=J5-7
Added Pin To Net: NetName=PB8 Pin=J6-7
Added Pin To Net: NetName=PB8 Pin=S2-2
Added Net: Name=PB8
Added Pin To Net: NetName=PB9 Pin=J5-8
Added Pin To Net: NetName=PB9 Pin=J6-8
Added Pin To Net: NetName=PB9 Pin=S3-2
Added Net: Name=PB9
Added Pin To Net: NetName=PB10 Pin=J5-9
Added Pin To Net: NetName=PB10 Pin=J6-9
Added Pin To Net: NetName=PB10 Pin=S4-2
Added Net: Name=PB10
Added Pin To Net: NetName=PB11 Pin=J5-10
Added Pin To Net: NetName=PB11 Pin=J6-10
Added Pin To Net: NetName=PB11 Pin=S5-2
Added Net: Name=PB11
Added Pin To Net: NetName=PC13 Pin=R33-1
Added Net: Name=PC13
Added Pin To Net: NetName=READY Pin=U12-2
Added Net: Name=READY
Added Pin To Net: NetName=SWCLK Pin=J7-4
Added Net: Name=SWCLK
Added Pin To Net: NetName=SWDIO Pin=J7-2
Added Net: Name=SWDIO
Added Pin To Net: NetName=TFT_BLK Pin=J5-6
Added Pin To Net: NetName=TFT_BLK Pin=J6-6
Added Pin To Net: NetName=TFT_BLK Pin=R31-1
Added Net: Name=TFT_BLK
Added Pin To Net: NetName=TFT_CS Pin=J5-5
Added Pin To Net: NetName=TFT_CS Pin=J6-5
Added Pin To Net: NetName=TFT_CS Pin=U14-7
Added Net: Name=TFT_CS
Added Pin To Net: NetName=TFT_DC Pin=J5-3
Added Pin To Net: NetName=TFT_DC Pin=J6-3
Added Pin To Net: NetName=TFT_DC Pin=U14-5
Added Net: Name=TFT_DC
Added Pin To Net: NetName=TFT_RES Pin=J5-4
Added Pin To Net: NetName=TFT_RES Pin=J6-4
Added Pin To Net: NetName=TFT_RES Pin=U14-6
Added Net: Name=TFT_RES
Added Pin To Net: NetName=TFT_SCL Pin=J5-2
Added Pin To Net: NetName=TFT_SCL Pin=J6-2
Added Pin To Net: NetName=TFT_SCL Pin=U14-4
Added Net: Name=TFT_SCL
Added Pin To Net: NetName=TFT_SDA Pin=J5-1
Added Pin To Net: NetName=TFT_SDA Pin=J6-1
Added Pin To Net: NetName=TFT_SDA Pin=U14-3
Added Net: Name=TFT_SDA
Added Pin To Net: NetName=VDD Pin=C21-1
Added Pin To Net: NetName=VDD Pin=C23-1
Added Pin To Net: NetName=VDD Pin=C26-1
Added Pin To Net: NetName=VDD Pin=C29-1
Added Pin To Net: NetName=VDD Pin=C30-1
Added Pin To Net: NetName=VDD Pin=C31-1
Added Pin To Net: NetName=VDD Pin=C32-1
Added Pin To Net: NetName=VDD Pin=C34-2
Added Pin To Net: NetName=VDD Pin=J5-11
Added Pin To Net: NetName=VDD Pin=J6-11
Added Pin To Net: NetName=VDD Pin=J7-1
Added Pin To Net: NetName=VDD Pin=R27-1
Added Pin To Net: NetName=VDD Pin=R28-2
Added Pin To Net: NetName=VDD Pin=R29-2
Added Pin To Net: NetName=VDD Pin=R30-2
Added Pin To Net: NetName=VDD Pin=R34-1
Added Pin To Net: NetName=VDD Pin=U11-2
Added Pin To Net: NetName=VDD Pin=U11-4
Added Pin To Net: NetName=VDD Pin=U12-8
Added Pin To Net: NetName=VDD Pin=U14-10
Added Pin To Net: NetName=VDD Pin=U14-12
Added Net: Name=VDD
Added Pin To Net: NetName=VREF Pin=R17-1
Added Pin To Net: NetName=VREF Pin=U9-1
Added Pin To Net: NetName=VREF Pin=U9-4
Added Pin To Net: NetName=VREF Pin=U13-1
Added Pin To Net: NetName=VREF Pin=U13-2
Added Net: Name=VREF
Added Class: Name=Laser_main
Added Class: Name=U_STM32_System
Added Class: Name=U_Tec_Control
Added Class: Name=U_V-I_Transform
Added Room: Name=Laser_main
Added Room: Name=U_STM32_System
Added Room: Name=U_Tec_Control
Added Room: Name=U_V-I_Transform
