Added Pin To Net: NetName=VDD Pin=U10-1
Added Pin To Net: NetName=PC13 Pin=U10-2
Added Pin To Net: NetName=OSC32-IN Pin=U10-3
Added Pin To Net: NetName=OSC32-OUT Pin=U10-4
Added Pin To Net: NetName=OSC-IN Pin=U10-5
Added Pin To Net: NetName=OSC-OUT Pin=U10-6
Added Pin To Net: NetName=NRST Pin=U10-7
Added Pin To Net: NetName=DGND Pin=U10-8
Added Pin To Net: NetName=VDD Pin=U10-9
Added Pin To Net: NetName=TFT_SCL Pin=U10-10
Added Pin To Net: NetName=TFT_SDA Pin=U10-11
Added Pin To Net: NetName=TFT_RES Pin=U10-12
Added Pin To Net: NetName=TFT_DC Pin=U10-13
Added Pin To Net: NetName=TFT_CS Pin=U10-14
Added Pin To Net: NetName=TFT_BLK Pin=U10-15
Added Pin To Net: NetName=READY Pin=U10-19
Added Pin To Net: NetName=PB10 Pin=U10-21
Added Pin To Net: NetName=PB11 Pin=U10-22
Added Pin To Net: NetName=DGND Pin=U10-23
Added Pin To Net: NetName=VDD Pin=U10-24
Added Pin To Net: NetName=SWDIO Pin=U10-34
Added Pin To Net: NetName=DGND Pin=U10-35
Added Pin To Net: NetName=VDD Pin=U10-36
Added Pin To Net: NetName=SWCLK Pin=U10-37
Added Pin To Net: NetName=DA_SCK Pin=U10-39
Added Pin To Net: NetName=DA_C\S\ Pin=U10-40
Added Pin To Net: NetName=DA_MOSI Pin=U10-41
Added Pin To Net: NetName=AD_SCL Pin=U10-42
Added Pin To Net: NetName=AD_SDA Pin=U10-43
Added Pin To Net: NetName=DGND Pin=U10-44
Added Pin To Net: NetName=PB8 Pin=U10-45
Added Pin To Net: NetName=PB9 Pin=U10-46
Added Pin To Net: NetName=DGND Pin=U10-47
Added Pin To Net: NetName=VDD Pin=U10-48
