Removed Pin From Net: NetName=VDD Pin=U10-1
Removed Pin From Net: NetName=PC13 Pin=U10-2
Removed Pin From Net: NetName=OSC32-IN Pin=U10-3
Removed Pin From Net: NetName=OSC32-OUT Pin=U10-4
Removed Pin From Net: NetName=OSC-IN Pin=U10-5
Removed Pin From Net: NetName=OSC-OUT Pin=U10-6
Removed Pin From Net: NetName=NRST Pin=U10-7
Removed Pin From Net: NetName=DGND Pin=U10-8
Removed Pin From Net: NetName=VDD Pin=U10-9
Removed Pin From Net: NetName=TFT_SCL Pin=U10-10
Removed Pin From Net: NetName=TFT_SDA Pin=U10-11
Removed Pin From Net: NetName=TFT_RES Pin=U10-12
Removed Pin From Net: NetName=TFT_DC Pin=U10-13
Removed Pin From Net: NetName=TFT_CS Pin=U10-14
Removed Pin From Net: NetName=TFT_BLK Pin=U10-15
Removed Pin From Net: NetName=READY Pin=U10-19
Removed Pin From Net: NetName=PB10 Pin=U10-21
Removed Pin From Net: NetName=PB11 Pin=U10-22
Removed Pin From Net: NetName=DGND Pin=U10-23
Removed Pin From Net: NetName=VDD Pin=U10-24
Removed Pin From Net: NetName=SWDIO Pin=U10-34
Removed Pin From Net: NetName=DGND Pin=U10-35
Removed Pin From Net: NetName=VDD Pin=U10-36
Removed Pin From Net: NetName=SWCLK Pin=U10-37
Removed Pin From Net: NetName=DA_SCK Pin=U10-39
Removed Pin From Net: NetName=DA_C\S\ Pin=U10-40
Removed Pin From Net: NetName=DA_MOSI Pin=U10-41
Removed Pin From Net: NetName=AD_SCL Pin=U10-42
Removed Pin From Net: NetName=AD_SDA Pin=U10-43
Removed Pin From Net: NetName=DGND Pin=U10-44
Removed Pin From Net: NetName=PB8 Pin=U10-45
Removed Pin From Net: NetName=PB9 Pin=U10-46
Removed Pin From Net: NetName=DGND Pin=U10-47
Removed Pin From Net: NetName=VDD Pin=U10-48
Added Component: Designator=U10()
Added Pin To Net: NetName=DGND Pin=D4-2
Added Pin To Net: NetName=DGND Pin=D5-2
Added Pin To Net: NetName=NetD4_1 Pin=D4-1
Added Pin To Net: NetName=NetD4_1 Pin=R27-2
Added Net: Name=NetD4_1
Added Pin To Net: NetName=NetD5_1 Pin=D5-1
Added Pin To Net: NetName=NetD5_1 Pin=R33-2
Added Net: Name=NetD5_1
