Change Component Comment : Designator=U9 Old Comment=Comment New Comment=STM32F103C8
Change component parameters: Designator = "U9" ("U9"); Footprint = "LQFP-48_L7.0-W7.0-P0.50-LS9.0-BL"; UniqueID = "\RKAOEEPC\GVHRIMGT" ("\RKAOEEPC\GVHRIMGT")
Change component parameters (AddParameter): Name = "BOM名称"; Value = "32位STM单片机"; VariantName = "[No Variations]"
Change component parameters (AddParameter): Name = "学习资源"; Value = "www.ooocke.com"; VariantName = "[No Variations]"
Change component parameters (AddParameter): Name = "版权归属"; Value = "源创客"; VariantName = "[No Variations]"
Added Pin To Net: NetName=VDD Pin=U9-1
Added Pin To Net: NetName=PC13 Pin=U9-2
Added Pin To Net: NetName=OSC32-IN Pin=U9-3
Added Pin To Net: NetName=OSC32-OUT Pin=U9-4
Added Pin To Net: NetName=OSC-IN Pin=U9-5
Added Pin To Net: NetName=OSC-OUT Pin=U9-6
Added Pin To Net: NetName=NRST Pin=U9-7
Added Pin To Net: NetName=DGND Pin=U9-8
Added Pin To Net: NetName=VDD Pin=U9-9
Added Pin To Net: NetName=TFT_SCL Pin=U9-10
Added Pin To Net: NetName=TFT_SDA Pin=U9-11
Added Pin To Net: NetName=TFT_RES Pin=U9-12
Added Pin To Net: NetName=TFT_DC Pin=U9-13
Added Pin To Net: NetName=TFT_CS Pin=U9-14
Added Pin To Net: NetName=TFT_BLK Pin=U9-15
Added Pin To Net: NetName=READY Pin=U9-19
Added Pin To Net: NetName=PB10 Pin=U9-21
Added Pin To Net: NetName=PB11 Pin=U9-22
Added Pin To Net: NetName=DGND Pin=U9-23
Added Pin To Net: NetName=VDD Pin=U9-24
Added Pin To Net: NetName=SWDIO Pin=U9-34
Added Pin To Net: NetName=DGND Pin=U9-35
Added Pin To Net: NetName=VDD Pin=U9-36
Added Pin To Net: NetName=SWCLK Pin=U9-37
Added Pin To Net: NetName=DA_SCK Pin=U9-39
Added Pin To Net: NetName=DA_C\S\ Pin=U9-40
Added Pin To Net: NetName=DA_MOSI Pin=U9-41
Added Pin To Net: NetName=AD_SCL Pin=U9-42
Added Pin To Net: NetName=AD_SDA Pin=U9-43
Added Pin To Net: NetName=DGND Pin=U9-44
Added Pin To Net: NetName=PB8 Pin=U9-45
Added Pin To Net: NetName=PB9 Pin=U9-46
Added Pin To Net: NetName=DGND Pin=U9-47
Added Pin To Net: NetName=VDD Pin=U9-48
Added Member To Class: ClassName=U_STM32_System Member=Component U9 STM32F103C8
